[1113/132709.422:ERROR:directory_reader_win.cc(43)] FindFirstFile: O sistema não pode encontrar o caminho especificado. (0x3)
[1113/143444.150:ERROR:directory_reader_win.cc(43)] FindFirstFile: O sistema não pode encontrar o caminho especificado. (0x3)
[1113/143807.063:ERROR:process_reader_win.cc(151)] SuspendThread: Acesso negado. (0x5)
[1113/143807.063:ERROR:process_reader_win.cc(123)] NtOpenThread: {Acesso Negado} Um processo solicitou acesso a um objeto, mas o direito de acesso não lhe foi concedido. (0xc0000022)
[1113/143807.064:ERROR:exception_snapshot_win.cc(99)] thread ID 8348 not found in process
[1113/143807.112:ERROR:process_reader_win.cc(123)] NtOpenThread: {Acesso Negado} Um processo solicitou acesso a um objeto, mas o direito de acesso não lhe foi concedido. (0xc0000022)
[1113/143807.113:ERROR:exception_snapshot_win.cc(99)] thread ID 27304 not found in process
[1113/151456.570:ERROR:directory_reader_win.cc(43)] FindFirstFile: O sistema não pode encontrar o caminho especificado. (0x3)
[1116/145016.289:ERROR:process_reader_win.cc(123)] NtOpenThread: {Acesso Negado} Um processo solicitou acesso a um objeto, mas o direito de acesso não lhe foi concedido. (0xc0000022)
[1116/145016.286:ERROR:process_reader_win.cc(123)] NtOpenThread: {Acesso Negado} Um processo solicitou acesso a um objeto, mas o direito de acesso não lhe foi concedido. (0xc0000022)
[1116/145016.293:ERROR:exception_snapshot_win.cc(99)] thread ID 18108 not found in process
[1116/145016.294:ERROR:exception_snapshot_win.cc(99)] thread ID 27832 not found in process
[1116/145016.333:ERROR:process_reader_win.cc(123)] NtOpenThread: {Acesso Negado} Um processo solicitou acesso a um objeto, mas o direito de acesso não lhe foi concedido. (0xc0000022)
[1116/145016.333:ERROR:exception_snapshot_win.cc(99)] thread ID 25464 not found in process
[1116/145507.565:ERROR:process_reader_win.cc(123)] NtOpenThread: {Acesso Negado} Um processo solicitou acesso a um objeto, mas o direito de acesso não lhe foi concedido. (0xc0000022)
[1116/145507.567:ERROR:exception_snapshot_win.cc(99)] thread ID 8844 not found in process
[1116/145507.586:ERROR:process_reader_win.cc(123)] NtOpenThread: {Acesso Negado} Um processo solicitou acesso a um objeto, mas o direito de acesso não lhe foi concedido. (0xc0000022)
[1116/145507.586:ERROR:exception_snapshot_win.cc(99)] thread ID 26032 not found in process
[1117/134600.619:ERROR:directory_reader_win.cc(43)] FindFirstFile: O sistema não pode encontrar o caminho especificado. (0x3)
[1117/135141.171:ERROR:process_info.cc(329)] VirtualQueryEx: Acesso negado. (0x5)
[1117/135141.171:ERROR:process_info.cc(556)] ReadMemoryInfo failed
[1117/135141.171:ERROR:scoped_process_suspend.cc(40)] NtResumeProcess: Tentou-se acessar um processo de saída. (0xc000010a)
[1117/144918.659:ERROR:directory_reader_win.cc(43)] FindFirstFile: O sistema não pode encontrar o caminho especificado. (0x3)
[1119/102747.390:ERROR:directory_reader_win.cc(43)] FindFirstFile: O sistema não pode encontrar o caminho especificado. (0x3)
[1119/104006.342:ERROR:process_reader_win.cc(123)] NtOpenThread: {Acesso Negado} Um processo solicitou acesso a um objeto, mas o direito de acesso não lhe foi concedido. (0xc0000022)
[1119/104006.344:ERROR:exception_snapshot_win.cc(99)] thread ID 12072 not found in process
[1119/104006.413:ERROR:process_reader_win.cc(123)] NtOpenThread: {Acesso Negado} Um processo solicitou acesso a um objeto, mas o direito de acesso não lhe foi concedido. (0xc0000022)
[1119/104006.413:ERROR:exception_snapshot_win.cc(99)] thread ID 8572 not found in process
[1122/215002.833:ERROR:directory_reader_win.cc(43)] FindFirstFile: O sistema não pode encontrar o caminho especificado. (0x3)
[0111/160836.376:ERROR:process_reader_win.cc(123)] NtOpenThread: {Acesso Negado} Um processo solicitou acesso a um objeto, mas o direito de acesso não lhe foi concedido. (0xc0000022)
[0111/160836.378:ERROR:exception_snapshot_win.cc(99)] thread ID 12580 not found in process
[0111/160836.407:ERROR:process_reader_win.cc(123)] NtOpenThread: {Acesso Negado} Um processo solicitou acesso a um objeto, mas o direito de acesso não lhe foi concedido. (0xc0000022)
[0111/160836.407:ERROR:exception_snapshot_win.cc(99)] thread ID 12204 not found in process
[0113/162504.393:ERROR:directory_reader_win.cc(43)] FindFirstFile: O sistema não pode encontrar o caminho especificado. (0x3)
[0114/180449.278:ERROR:process_reader_win.cc(123)] NtOpenThread: {Acesso Negado} Um processo solicitou acesso a um objeto, mas o direito de acesso não lhe foi concedido. (0xc0000022)
[0114/180449.285:ERROR:exception_snapshot_win.cc(99)] thread ID 10020 not found in process
[0114/180449.318:ERROR:process_reader_win.cc(123)] NtOpenThread: {Acesso Negado} Um processo solicitou acesso a um objeto, mas o direito de acesso não lhe foi concedido. (0xc0000022)
[0114/180449.318:ERROR:exception_snapshot_win.cc(99)] thread ID 12672 not found in process
[0114/181114.202:ERROR:process_reader_win.cc(123)] NtOpenThread: {Acesso Negado} Um processo solicitou acesso a um objeto, mas o direito de acesso não lhe foi concedido. (0xc0000022)
[0114/181114.204:ERROR:exception_snapshot_win.cc(99)] thread ID 2264 not found in process
[0114/181114.232:ERROR:process_reader_win.cc(123)] NtOpenThread: {Acesso Negado} Um processo solicitou acesso a um objeto, mas o direito de acesso não lhe foi concedido. (0xc0000022)
[0114/181114.232:ERROR:exception_snapshot_win.cc(99)] thread ID 10176 not found in process
[0114/181411.506:ERROR:process_reader_win.cc(123)] NtOpenThread: {Acesso Negado} Um processo solicitou acesso a um objeto, mas o direito de acesso não lhe foi concedido. (0xc0000022)
[0114/181411.506:ERROR:exception_snapshot_win.cc(99)] thread ID 10552 not found in process
[0114/181411.532:ERROR:process_reader_win.cc(123)] NtOpenThread: {Acesso Negado} Um processo solicitou acesso a um objeto, mas o direito de acesso não lhe foi concedido. (0xc0000022)
[0114/181411.532:ERROR:exception_snapshot_win.cc(99)] thread ID 10460 not found in process
[0114/233056.158:ERROR:process_reader_win.cc(123)] NtOpenThread: {Acesso Negado} Um processo solicitou acesso a um objeto, mas o direito de acesso não lhe foi concedido. (0xc0000022)
[0114/233056.161:ERROR:exception_snapshot_win.cc(99)] thread ID 14244 not found in process
[0114/233056.180:ERROR:process_reader_win.cc(123)] NtOpenThread: {Acesso Negado} Um processo solicitou acesso a um objeto, mas o direito de acesso não lhe foi concedido. (0xc0000022)
[0114/233056.180:ERROR:exception_snapshot_win.cc(99)] thread ID 8840 not found in process
[0114/233919.562:ERROR:process_reader_win.cc(123)] NtOpenThread: {Acesso Negado} Um processo solicitou acesso a um objeto, mas o direito de acesso não lhe foi concedido. (0xc0000022)
[0114/233919.563:ERROR:exception_snapshot_win.cc(99)] thread ID 10084 not found in process
[0114/233919.589:ERROR:process_reader_win.cc(123)] NtOpenThread: {Acesso Negado} Um processo solicitou acesso a um objeto, mas o direito de acesso não lhe foi concedido. (0xc0000022)
[0114/233919.589:ERROR:exception_snapshot_win.cc(99)] thread ID 12404 not found in process
[0115/000025.356:ERROR:process_reader_win.cc(123)] NtOpenThread: {Acesso Negado} Um processo solicitou acesso a um objeto, mas o direito de acesso não lhe foi concedido. (0xc0000022)
[0115/000025.357:ERROR:exception_snapshot_win.cc(99)] thread ID 12192 not found in process
[0115/000025.381:ERROR:process_reader_win.cc(123)] NtOpenThread: {Acesso Negado} Um processo solicitou acesso a um objeto, mas o direito de acesso não lhe foi concedido. (0xc0000022)
[0115/000025.381:ERROR:exception_snapshot_win.cc(99)] thread ID 9056 not found in process
[0115/000259.829:ERROR:process_reader_win.cc(123)] NtOpenThread: {Acesso Negado} Um processo solicitou acesso a um objeto, mas o direito de acesso não lhe foi concedido. (0xc0000022)
[0115/000259.830:ERROR:exception_snapshot_win.cc(99)] thread ID 13664 not found in process
[0115/000259.853:ERROR:process_reader_win.cc(123)] NtOpenThread: {Acesso Negado} Um processo solicitou acesso a um objeto, mas o direito de acesso não lhe foi concedido. (0xc0000022)
[0115/000259.853:ERROR:exception_snapshot_win.cc(99)] thread ID 5496 not found in process
[0115/000417.257:ERROR:process_reader_win.cc(151)] SuspendThread: Acesso negado. (0x5)
[0115/000417.258:ERROR:process_reader_win.cc(123)] NtOpenThread: {Acesso Negado} Um processo solicitou acesso a um objeto, mas o direito de acesso não lhe foi concedido. (0xc0000022)
[0115/000417.259:ERROR:exception_snapshot_win.cc(99)] thread ID 4204 not found in process
[0115/000417.272:ERROR:process_reader_win.cc(123)] NtOpenThread: {Acesso Negado} Um processo solicitou acesso a um objeto, mas o direito de acesso não lhe foi concedido. (0xc0000022)
[0115/000417.272:ERROR:exception_snapshot_win.cc(99)] thread ID 7112 not found in process
[0115/000417.291:ERROR:process_reader_win.cc(123)] NtOpenThread: {Acesso Negado} Um processo solicitou acesso a um objeto, mas o direito de acesso não lhe foi concedido. (0xc0000022)
[0115/000417.292:ERROR:exception_snapshot_win.cc(99)] thread ID 13680 not found in process
[0115/000942.159:ERROR:process_reader_win.cc(123)] NtOpenThread: {Acesso Negado} Um processo solicitou acesso a um objeto, mas o direito de acesso não lhe foi concedido. (0xc0000022)
[0115/000942.160:ERROR:exception_snapshot_win.cc(99)] thread ID 12736 not found in process
[0115/000942.180:ERROR:process_reader_win.cc(123)] NtOpenThread: {Acesso Negado} Um processo solicitou acesso a um objeto, mas o direito de acesso não lhe foi concedido. (0xc0000022)
[0115/000942.180:ERROR:exception_snapshot_win.cc(99)] thread ID 2560 not found in process
[0115/001001.144:ERROR:process_reader_win.cc(151)] SuspendThread: Acesso negado. (0x5)
[0115/001001.155:ERROR:process_reader_win.cc(123)] NtOpenThread: {Acesso Negado} Um processo solicitou acesso a um objeto, mas o direito de acesso não lhe foi concedido. (0xc0000022)
[0115/001001.155:ERROR:exception_snapshot_win.cc(99)] thread ID 13156 not found in process
[0115/001001.163:ERROR:process_reader_win.cc(123)] NtOpenThread: {Acesso Negado} Um processo solicitou acesso a um objeto, mas o direito de acesso não lhe foi concedido. (0xc0000022)
[0115/001001.163:ERROR:exception_snapshot_win.cc(99)] thread ID 10164 not found in process
[0115/001955.268:ERROR:process_reader_win.cc(123)] NtOpenThread: {Acesso Negado} Um processo solicitou acesso a um objeto, mas o direito de acesso não lhe foi concedido. (0xc0000022)
[0115/001955.269:ERROR:exception_snapshot_win.cc(99)] thread ID 12140 not found in process
[0115/001955.295:ERROR:process_reader_win.cc(123)] NtOpenThread: {Acesso Negado} Um processo solicitou acesso a um objeto, mas o direito de acesso não lhe foi concedido. (0xc0000022)
[0115/001955.295:ERROR:exception_snapshot_win.cc(99)] thread ID 2924 not found in process
[0115/002314.180:ERROR:process_reader_win.cc(123)] NtOpenThread: {Acesso Negado} Um processo solicitou acesso a um objeto, mas o direito de acesso não lhe foi concedido. (0xc0000022)
[0115/002314.180:ERROR:exception_snapshot_win.cc(99)] thread ID 14240 not found in process
[0115/002314.205:ERROR:process_reader_win.cc(123)] NtOpenThread: {Acesso Negado} Um processo solicitou acesso a um objeto, mas o direito de acesso não lhe foi concedido. (0xc0000022)
[0115/002314.205:ERROR:exception_snapshot_win.cc(99)] thread ID 11216 not found in process
[0125/144919.019:ERROR:directory_reader_win.cc(43)] FindFirstFile: O sistema não pode encontrar o caminho especificado. (0x3)
[0128/192129.245:ERROR:process_reader_win.cc(123)] NtOpenThread: {Acesso Negado} Um processo solicitou acesso a um objeto, mas o direito de acesso não lhe foi concedido. (0xc0000022)
[0128/192129.253:ERROR:exception_snapshot_win.cc(99)] thread ID 9484 not found in process
[0128/192129.304:ERROR:process_reader_win.cc(123)] NtOpenThread: {Acesso Negado} Um processo solicitou acesso a um objeto, mas o direito de acesso não lhe foi concedido. (0xc0000022)
[0128/192129.304:ERROR:exception_snapshot_win.cc(99)] thread ID 12844 not found in process
[0128/213319.495:ERROR:process_reader_win.cc(123)] NtOpenThread: {Acesso Negado} Um processo solicitou acesso a um objeto, mas o direito de acesso não lhe foi concedido. (0xc0000022)
[0128/213319.496:ERROR:exception_snapshot_win.cc(99)] thread ID 11132 not found in process
[0128/213319.544:ERROR:process_reader_win.cc(123)] NtOpenThread: {Acesso Negado} Um processo solicitou acesso a um objeto, mas o direito de acesso não lhe foi concedido. (0xc0000022)
[0128/213319.544:ERROR:exception_snapshot_win.cc(99)] thread ID 9660 not found in process
[0128/214558.564:ERROR:process_reader_win.cc(123)] NtOpenThread: {Acesso Negado} Um processo solicitou acesso a um objeto, mas o direito de acesso não lhe foi concedido. (0xc0000022)
[0128/214558.569:ERROR:exception_snapshot_win.cc(99)] thread ID 12816 not found in process
[0128/214558.610:ERROR:process_reader_win.cc(123)] NtOpenThread: {Acesso Negado} Um processo solicitou acesso a um objeto, mas o direito de acesso não lhe foi concedido. (0xc0000022)
[0128/214558.610:ERROR:exception_snapshot_win.cc(99)] thread ID 12908 not found in process
